This is XeTeX, Version 3.141592653-2.6-0.999993 (TeX Live 2021) (preloaded format=xelatex 2022.2.14)  14 FEB 2022 18:03
entering extended mode
 restricted \write18 enabled.
 %&-line parsing enabled.
**0_Caret_Predict_to_writeRasterOutput.tex
(./0_Caret_Predict_to_writeRasterOutput.tex
LaTeX2e <2021-11-15> patch level 1
L3 programming layer <2022-02-05> (/Users/anniepaul/Library/TinyTeX/texmf-dist/tex/latex/base/article.cls
Document Class: article 2021/10/04 v1.4n Standard LaTeX document class
(/Users/anniepaul/Library/TinyTeX/texmf-dist/tex/latex/base/size10.clo
File: size10.clo 2021/10/04 v1.4n Standard LaTeX file (size option)
)
\c@part=\count181
\c@section=\count182
\c@subsection=\count183
\c@subsubsection=\count184
\c@paragraph=\count185
\c@subparagraph=\count186
\c@figure=\count187
\c@table=\count188
\abovecaptionskip=\skip47
\belowcaptionskip=\skip48
\bibindent=\dimen138
) (/Users/anniepaul/Library/TinyTeX/texmf-dist/tex/latex/amsmath/amsmath.sty
Package: amsmath 2021/10/15 v2.17l AMS math features
\@mathmargin=\skip49
For additional information on amsmath, use the `?' option.
(/Users/anniepaul/Library/TinyTeX/texmf-dist/tex/latex/amsmath/amstext.sty
Package: amstext 2021/08/26 v2.01 AMS text
(/Users/anniepaul/Library/TinyTeX/texmf-dist/tex/latex/amsmath/amsgen.sty
File: amsgen.sty 1999/11/30 v2.0 generic functions
\@emptytoks=\toks16
\ex@=\dimen139
)) (/Users/anniepaul/Library/TinyTeX/texmf-dist/tex/latex/amsmath/amsbsy.sty
Package: amsbsy 1999/11/29 v1.2d Bold Symbols
\pmbraise@=\dimen140
) (/Users/anniepaul/Library/TinyTeX/texmf-dist/tex/latex/amsmath/amsopn.sty
Package: amsopn 2021/08/26 v2.02 operator names
)
\inf@bad=\count189
LaTeX Info: Redefining \frac on input line 234.
\uproot@=\count190
\leftroot@=\count191
LaTeX Info: Redefining \overline on input line 399.
\classnum@=\count192
\DOTSCASE@=\count193
LaTeX Info: Redefining \ldots on input line 496.
LaTeX Info: Redefining \dots on input line 499.
LaTeX Info: Redefining \cdots on input line 620.
\Mathstrutbox@=\box50
\strutbox@=\box51
\big@size=\dimen141
LaTeX Font Info:    Redeclaring font encoding OML on input line 743.
LaTeX Font Info:    Redeclaring font encoding OMS on input line 744.
\macc@depth=\count194
\c@MaxMatrixCols=\count195
\dotsspace@=\muskip16
\c@parentequation=\count196
\dspbrk@lvl=\count197
\tag@help=\toks17
\row@=\count198
\column@=\count199
\maxfields@=\count266
\andhelp@=\toks18
\eqnshift@=\dimen142
\alignsep@=\dimen143
\tagshift@=\dimen144
\tagwidth@=\dimen145
\totwidth@=\dimen146
\lineht@=\dimen147
\@envbody=\toks19
\multlinegap=\skip50
\multlinetaggap=\skip51
\mathdisplay@stack=\toks20
LaTeX Info: Redefining \[ on input line 2938.
LaTeX Info: Redefining \] on input line 2939.
) (/Users/anniepaul/Library/TinyTeX/texmf-dist/tex/latex/amsfonts/amssymb.sty
Package: amssymb 2013/01/14 v3.01 AMS font symbols
(/Users/anniepaul/Library/TinyTeX/texmf-dist/tex/latex/amsfonts/amsfonts.sty
Package: amsfonts 2013/01/14 v3.01 Basic AMSFonts support
\symAMSa=\mathgroup4
\symAMSb=\mathgroup5
LaTeX Font Info:    Redeclaring math symbol \hbar on input line 98.
LaTeX Font Info:    Overwriting math alphabet `\mathfrak' in version `bold'
(Font)                  U/euf/m/n --> U/euf/b/n on input line 106.
)) (/Users/anniepaul/Library/TinyTeX/texmf-dist/tex/latex/lm/lmodern.sty
Package: lmodern 2015/05/01 v1.6.1 Latin Modern Fonts
LaTeX Font Info:    Overwriting symbol font `operators' in version `normal'
(Font)                  OT1/cmr/m/n --> OT1/lmr/m/n on input line 22.
LaTeX Font Info:    Overwriting symbol font `letters' in version `normal'
(Font)                  OML/cmm/m/it --> OML/lmm/m/it on input line 23.
LaTeX Font Info:    Overwriting symbol font `symbols' in version `normal'
(Font)                  OMS/cmsy/m/n --> OMS/lmsy/m/n on input line 24.
LaTeX Font Info:    Overwriting symbol font `largesymbols' in version `normal'
(Font)                  OMX/cmex/m/n --> OMX/lmex/m/n on input line 25.
LaTeX Font Info:    Overwriting symbol font `operators' in version `bold'
(Font)                  OT1/cmr/bx/n --> OT1/lmr/bx/n on input line 26.
LaTeX Font Info:    Overwriting symbol font `letters' in version `bold'
(Font)                  OML/cmm/b/it --> OML/lmm/b/it on input line 27.
LaTeX Font Info:    Overwriting symbol font `symbols' in version `bold'
(Font)                  OMS/cmsy/b/n --> OMS/lmsy/b/n on input line 28.
LaTeX Font Info:    Overwriting symbol font `largesymbols' in version `bold'
(Font)                  OMX/cmex/m/n --> OMX/lmex/m/n on input line 29.
LaTeX Font Info:    Overwriting math alphabet `\mathbf' in version `normal'
(Font)                  OT1/cmr/bx/n --> OT1/lmr/bx/n on input line 31.
LaTeX Font Info:    Overwriting math alphabet `\mathsf' in version `normal'
(Font)                  OT1/cmss/m/n --> OT1/lmss/m/n on input line 32.
LaTeX Font Info:    Overwriting math alphabet `\mathit' in version `normal'
(Font)                  OT1/cmr/m/it --> OT1/lmr/m/it on input line 33.
LaTeX Font Info:    Overwriting math alphabet `\mathtt' in version `normal'
(Font)                  OT1/cmtt/m/n --> OT1/lmtt/m/n on input line 34.
LaTeX Font Info:    Overwriting math alphabet `\mathbf' in version `bold'
(Font)                  OT1/cmr/bx/n --> OT1/lmr/bx/n on input line 35.
LaTeX Font Info:    Overwriting math alphabet `\mathsf' in version `bold'
(Font)                  OT1/cmss/bx/n --> OT1/lmss/bx/n on input line 36.
LaTeX Font Info:    Overwriting math alphabet `\mathit' in version `bold'
(Font)                  OT1/cmr/bx/it --> OT1/lmr/bx/it on input line 37.
LaTeX Font Info:    Overwriting math alphabet `\mathtt' in version `bold'
(Font)                  OT1/cmtt/m/n --> OT1/lmtt/m/n on input line 38.
) (/Users/anniepaul/Library/TinyTeX/texmf-dist/tex/generic/iftex/iftex.sty
Package: iftex 2022/02/03 v1.0f TeX engine tests
) (/Users/anniepaul/Library/TinyTeX/texmf-dist/tex/latex/unicode-math/unicode-math.sty (/Users/anniepaul/Library/TinyTeX/texmf-dist/tex/latex/l3kernel/expl3.sty
Package: expl3 2022-02-05 L3 programming layer (loader) 
(/Users/anniepaul/Library/TinyTeX/texmf-dist/tex/latex/l3backend/l3backend-xetex.def
File: l3backend-xetex.def 2022-02-07 L3 backend support: XeTeX
(|extractbb --version)
\c__kernel_sys_dvipdfmx_version_int=\count267
\l__color_backend_stack_int=\count268
\g__color_backend_stack_int=\count269
\g__graphics_track_int=\count270
\l__pdf_internal_box=\box52
\g__pdf_backend_object_int=\count271
\g__pdf_backend_annotation_int=\count272
\g__pdf_backend_link_int=\count273
))
Package: unicode-math 2020/01/31 v0.8q Unicode maths in XeLaTeX and LuaLaTeX
(/Users/anniepaul/Library/TinyTeX/texmf-dist/tex/latex/unicode-math/unicode-math-xetex.sty
Package: unicode-math-xetex 2020/01/31 v0.8q Unicode maths in XeLaTeX and LuaLaTeX
(/Users/anniepaul/Library/TinyTeX/texmf-dist/tex/latex/l3packages/xparse/xparse.sty
Package: xparse 2022-01-12 L3 Experimental document command parser
) (/Users/anniepaul/Library/TinyTeX/texmf-dist/tex/latex/l3packages/l3keys2e/l3keys2e.sty
Package: l3keys2e 2022-01-12 LaTeX2e option processing using LaTeX3 keys
) (/Users/anniepaul/Library/TinyTeX/texmf-dist/tex/latex/fontspec/fontspec.sty
Package: fontspec 2022/01/15 v2.8a Font selection for XeLaTeX and LuaLaTeX
(/Users/anniepaul/Library/TinyTeX/texmf-dist/tex/latex/fontspec/fontspec-xetex.sty
Package: fontspec-xetex 2022/01/15 v2.8a Font selection for XeLaTeX and LuaLaTeX
\l__fontspec_script_int=\count274
\l__fontspec_language_int=\count275
\l__fontspec_strnum_int=\count276
\l__fontspec_tmp_int=\count277
\l__fontspec_tmpa_int=\count278
\l__fontspec_tmpb_int=\count279
\l__fontspec_tmpc_int=\count280
\l__fontspec_em_int=\count281
\l__fontspec_emdef_int=\count282
\l__fontspec_strong_int=\count283
\l__fontspec_strongdef_int=\count284
\l__fontspec_tmpa_dim=\dimen148
\l__fontspec_tmpb_dim=\dimen149
\l__fontspec_tmpc_dim=\dimen150
(/Users/anniepaul/Library/TinyTeX/texmf-dist/tex/latex/base/fontenc.sty
Package: fontenc 2021/04/29 v2.0v Standard LaTeX package
) (/Users/anniepaul/Library/TinyTeX/texmf-dist/tex/latex/fontspec/fontspec.cfg))) (/Users/anniepaul/Library/TinyTeX/texmf-dist/tex/latex/base/fix-cm.sty
Package: fix-cm 2020/11/24 v1.1t fixes to LaTeX
(/Users/anniepaul/Library/TinyTeX/texmf-dist/tex/latex/base/ts1enc.def
File: ts1enc.def 2001/06/05 v3.0e (jk/car/fm) Standard LaTeX file
LaTeX Font Info:    Redeclaring font encoding TS1 on input line 47.
))
\g__um_fam_int=\count285
\g__um_fonts_used_int=\count286
\l__um_primecount_int=\count287
\g__um_primekern_muskip=\muskip17
(/Users/anniepaul/Library/TinyTeX/texmf-dist/tex/latex/unicode-math/unicode-math-table.tex))) (/Users/anniepaul/Library/TinyTeX/texmf-dist/tex/latex/xcolor/xcolor.sty
Package: xcolor 2021/10/31 v2.13 LaTeX color extensions (UK)
(/Users/anniepaul/Library/TinyTeX/texmf-dist/tex/latex/graphics-cfg/color.cfg
File: color.cfg 2016/01/02 v1.6 sample color configuration
)
Package xcolor Info: Driver file: xetex.def on input line 227.
(/Users/anniepaul/Library/TinyTeX/texmf-dist/tex/latex/graphics-def/xetex.def
File: xetex.def 2021/03/18 v5.0k Graphics/color driver for xetex
)
Package xcolor Info: Model `cmy' substituted by `cmy0' on input line 1352.
Package xcolor Info: Model `RGB' extended on input line 1368.
Package xcolor Info: Model `HTML' substituted by `rgb' on input line 1370.
Package xcolor Info: Model `Hsb' substituted by `hsb' on input line 1371.
Package xcolor Info: Model `tHsb' substituted by `hsb' on input line 1372.
Package xcolor Info: Model `HSB' substituted by `hsb' on input line 1373.
Package xcolor Info: Model `Gray' substituted by `gray' on input line 1374.
Package xcolor Info: Model `wave' substituted by `hsb' on input line 1375.
) (/Users/anniepaul/Library/TinyTeX/texmf-dist/tex/latex/hyperref/hyperref.sty
Package: hyperref 2021-06-07 v7.00m Hypertext links for LaTeX
(/Users/anniepaul/Library/TinyTeX/texmf-dist/tex/generic/ltxcmds/ltxcmds.sty
Package: ltxcmds 2020-05-10 v1.25 LaTeX kernel commands for general use (HO)
) (/Users/anniepaul/Library/TinyTeX/texmf-dist/tex/generic/pdftexcmds/pdftexcmds.sty
Package: pdftexcmds 2020-06-27 v0.33 Utility functions of pdfTeX for LuaTeX (HO)
(/Users/anniepaul/Library/TinyTeX/texmf-dist/tex/generic/infwarerr/infwarerr.sty
Package: infwarerr 2019/12/03 v1.5 Providing info/warning/error messages (HO)
)
Package pdftexcmds Info: \pdf@primitive is available.
Package pdftexcmds Info: \pdf@ifprimitive is available.
Package pdftexcmds Info: \pdfdraftmode not found.
) (/Users/anniepaul/Library/TinyTeX/texmf-dist/tex/latex/graphics/keyval.sty
Package: keyval 2014/10/28 v1.15 key=value parser (DPC)
\KV@toks@=\toks21
) (/Users/anniepaul/Library/TinyTeX/texmf-dist/tex/generic/kvsetkeys/kvsetkeys.sty
Package: kvsetkeys 2019/12/15 v1.18 Key value parser (HO)
) (/Users/anniepaul/Library/TinyTeX/texmf-dist/tex/generic/kvdefinekeys/kvdefinekeys.sty
Package: kvdefinekeys 2019-12-19 v1.6 Define keys (HO)
) (/Users/anniepaul/Library/TinyTeX/texmf-dist/tex/generic/pdfescape/pdfescape.sty
Package: pdfescape 2019/12/09 v1.15 Implements pdfTeX's escape features (HO)
) (/Users/anniepaul/Library/TinyTeX/texmf-dist/tex/latex/hycolor/hycolor.sty
Package: hycolor 2020-01-27 v1.10 Color options for hyperref/bookmark (HO)
) (/Users/anniepaul/Library/TinyTeX/texmf-dist/tex/latex/letltxmacro/letltxmacro.sty
Package: letltxmacro 2019/12/03 v1.6 Let assignment for LaTeX macros (HO)
) (/Users/anniepaul/Library/TinyTeX/texmf-dist/tex/latex/auxhook/auxhook.sty
Package: auxhook 2019-12-17 v1.6 Hooks for auxiliary files (HO)
) (/Users/anniepaul/Library/TinyTeX/texmf-dist/tex/latex/kvoptions/kvoptions.sty
Package: kvoptions 2020-10-07 v3.14 Key value format for package options (HO)
)
\@linkdim=\dimen151
\Hy@linkcounter=\count288
\Hy@pagecounter=\count289
(/Users/anniepaul/Library/TinyTeX/texmf-dist/tex/latex/hyperref/pd1enc.def
File: pd1enc.def 2021-06-07 v7.00m Hyperref: PDFDocEncoding definition (HO)
) (/Users/anniepaul/Library/TinyTeX/texmf-dist/tex/latex/hyperref/hyperref-langpatches.def
File: hyperref-langpatches.def 2021-06-07 v7.00m Hyperref: patches for babel languages
) (/Users/anniepaul/Library/TinyTeX/texmf-dist/tex/generic/intcalc/intcalc.sty
Package: intcalc 2019/12/15 v1.3 Expandable calculations with integers (HO)
) (/Users/anniepaul/Library/TinyTeX/texmf-dist/tex/generic/etexcmds/etexcmds.sty
Package: etexcmds 2019/12/15 v1.7 Avoid name clashes with e-TeX commands (HO)
)
\Hy@SavedSpaceFactor=\count290
(/Users/anniepaul/Library/TinyTeX/texmf-dist/tex/latex/hyperref/puenc.def
File: puenc.def 2021-06-07 v7.00m Hyperref: PDF Unicode definition (HO)
)
Package hyperref Info: Option `unicode' set `true' on input line 4073.
Package hyperref Info: Hyper figures OFF on input line 4192.
Package hyperref Info: Link nesting OFF on input line 4197.
Package hyperref Info: Hyper index ON on input line 4200.
Package hyperref Info: Plain pages OFF on input line 4207.
Package hyperref Info: Backreferencing OFF on input line 4212.
Package hyperref Info: Implicit mode ON; LaTeX internals redefined.
Package hyperref Info: Bookmarks ON on input line 4445.
\c@Hy@tempcnt=\count291
(/Users/anniepaul/Library/TinyTeX/texmf-dist/tex/latex/url/url.sty
\Urlmuskip=\muskip18
Package: url 2013/09/16  ver 3.4  Verb mode for urls, etc.
)
LaTeX Info: Redefining \url on input line 4804.
\XeTeXLinkMargin=\dimen152
(/Users/anniepaul/Library/TinyTeX/texmf-dist/tex/generic/bitset/bitset.sty
Package: bitset 2019/12/09 v1.3 Handle bit-vector datatype (HO)
(/Users/anniepaul/Library/TinyTeX/texmf-dist/tex/generic/bigintcalc/bigintcalc.sty
Package: bigintcalc 2019/12/15 v1.5 Expandable calculations on big integers (HO)
))
\Fld@menulength=\count292
\Field@Width=\dimen153
\Fld@charsize=\dimen154
Package hyperref Info: Hyper figures OFF on input line 6076.
Package hyperref Info: Link nesting OFF on input line 6081.
Package hyperref Info: Hyper index ON on input line 6084.
Package hyperref Info: backreferencing OFF on input line 6091.
Package hyperref Info: Link coloring OFF on input line 6096.
Package hyperref Info: Link coloring with OCG OFF on input line 6101.
Package hyperref Info: PDF/A mode OFF on input line 6106.
LaTeX Info: Redefining \ref on input line 6146.
LaTeX Info: Redefining \pageref on input line 6150.
(/Users/anniepaul/Library/TinyTeX/texmf-dist/tex/latex/base/atbegshi-ltx.sty
Package: atbegshi-ltx 2021/01/10 v1.0c Emulation of the original atbegshi
package with kernel methods
)
\Hy@abspage=\count293
\c@Item=\count294
\c@Hfootnote=\count295
)
Package hyperref Info: Driver (autodetected): hxetex.
(/Users/anniepaul/Library/TinyTeX/texmf-dist/tex/latex/hyperref/hxetex.def
File: hxetex.def 2021-06-07 v7.00m Hyperref driver for XeTeX
(/Users/anniepaul/Library/TinyTeX/texmf-dist/tex/generic/stringenc/stringenc.sty
Package: stringenc 2019/11/29 v1.12 Convert strings between diff. encodings (HO)
)
\pdfm@box=\box53
\c@Hy@AnnotLevel=\count296
\HyField@AnnotCount=\count297
\Fld@listcount=\count298
\c@bookmark@seq@number=\count299
(/Users/anniepaul/Library/TinyTeX/texmf-dist/tex/latex/rerunfilecheck/rerunfilecheck.sty
Package: rerunfilecheck 2019/12/05 v1.9 Rerun checks for auxiliary files (HO)
(/Users/anniepaul/Library/TinyTeX/texmf-dist/tex/latex/base/atveryend-ltx.sty
Package: atveryend-ltx 2020/08/19 v1.0a Emulation of the original atveryend package
with kernel methods
) (/Users/anniepaul/Library/TinyTeX/texmf-dist/tex/generic/uniquecounter/uniquecounter.sty
Package: uniquecounter 2019/12/15 v1.4 Provide unlimited unique counter (HO)
)
Package uniquecounter Info: New unique counter `rerunfilecheck' on input line 286.
)
\Hy@SectionHShift=\skip52
) (/Users/anniepaul/Library/TinyTeX/texmf-dist/tex/latex/geometry/geometry.sty
Package: geometry 2020/01/02 v5.9 Page Geometry
(/Users/anniepaul/Library/TinyTeX/texmf-dist/tex/generic/iftex/ifvtex.sty
Package: ifvtex 2019/10/25 v1.7 ifvtex legacy package. Use iftex instead.
)
\Gm@cnth=\count300
\Gm@cntv=\count301
\c@Gm@tempcnt=\count302
\Gm@bindingoffset=\dimen155
\Gm@wd@mp=\dimen156
\Gm@odd@mp=\dimen157
\Gm@even@mp=\dimen158
\Gm@layoutwidth=\dimen159
\Gm@layoutheight=\dimen160
\Gm@layouthoffset=\dimen161
\Gm@layoutvoffset=\dimen162
\Gm@dimlist=\toks22
) (/Users/anniepaul/Library/TinyTeX/texmf-dist/tex/latex/fancyvrb/fancyvrb.sty
Package: fancyvrb 2021/12/21 4.1b verbatim text (tvz,hv)
\FV@CodeLineNo=\count303
\FV@InFile=\read2
\FV@TabBox=\box54
\c@FancyVerbLine=\count304
\FV@StepNumber=\count305
\FV@OutFile=\write3
) (/Users/anniepaul/Library/TinyTeX/texmf-dist/tex/latex/framed/framed.sty
Package: framed 2011/10/22 v 0.96: framed or shaded text with page breaks
\OuterFrameSep=\skip53
\fb@frw=\dimen163
\fb@frh=\dimen164
\FrameRule=\dimen165
\FrameSep=\dimen166
) (/Users/anniepaul/Library/TinyTeX/texmf-dist/tex/latex/graphics/graphicx.sty
Package: graphicx 2021/09/16 v1.2d Enhanced LaTeX Graphics (DPC,SPQR)
(/Users/anniepaul/Library/TinyTeX/texmf-dist/tex/latex/graphics/graphics.sty
Package: graphics 2021/03/04 v1.4d Standard LaTeX Graphics (DPC,SPQR)
(/Users/anniepaul/Library/TinyTeX/texmf-dist/tex/latex/graphics/trig.sty
Package: trig 2021/08/11 v1.11 sin cos tan (DPC)
) (/Users/anniepaul/Library/TinyTeX/texmf-dist/tex/latex/graphics-cfg/graphics.cfg
File: graphics.cfg 2016/06/04 v1.11 sample graphics configuration
)
Package graphics Info: Driver file: xetex.def on input line 107.
)
\Gin@req@height=\dimen167
\Gin@req@width=\dimen168
) (./0_Caret_Predict_to_writeRasterOutput.aux)
\openout1 = `0_Caret_Predict_to_writeRasterOutput.aux'.

LaTeX Font Info:    Checking defaults for OML/cmm/m/it on input line 110.
LaTeX Font Info:    ... okay on input line 110.
LaTeX Font Info:    Checking defaults for OMS/cmsy/m/n on input line 110.
LaTeX Font Info:    ... okay on input line 110.
LaTeX Font Info:    Checking defaults for OT1/cmr/m/n on input line 110.
LaTeX Font Info:    ... okay on input line 110.
LaTeX Font Info:    Checking defaults for T1/cmr/m/n on input line 110.
LaTeX Font Info:    ... okay on input line 110.
LaTeX Font Info:    Checking defaults for TS1/cmr/m/n on input line 110.
LaTeX Font Info:    ... okay on input line 110.
LaTeX Font Info:    Checking defaults for TU/lmr/m/n on input line 110.
LaTeX Font Info:    ... okay on input line 110.
LaTeX Font Info:    Checking defaults for OMX/cmex/m/n on input line 110.
LaTeX Font Info:    ... okay on input line 110.
LaTeX Font Info:    Checking defaults for U/cmr/m/n on input line 110.
LaTeX Font Info:    ... okay on input line 110.
LaTeX Font Info:    Checking defaults for PD1/pdf/m/n on input line 110.
LaTeX Font Info:    ... okay on input line 110.
LaTeX Font Info:    Checking defaults for PU/pdf/m/n on input line 110.
LaTeX Font Info:    ... okay on input line 110.
LaTeX Font Info:    Overwriting math alphabet `\mathrm' in version `normal'
(Font)                  OT1/lmr/m/n --> TU/lmr/m/n on input line 110.
LaTeX Font Info:    Overwriting math alphabet `\mathit' in version `normal'
(Font)                  OT1/lmr/m/it --> TU/lmr/m/it on input line 110.
LaTeX Font Info:    Overwriting math alphabet `\mathbf' in version `normal'
(Font)                  OT1/lmr/bx/n --> TU/lmr/bx/n on input line 110.
LaTeX Font Info:    Overwriting math alphabet `\mathsf' in version `normal'
(Font)                  OT1/lmss/m/n --> TU/lmss/m/n on input line 110.
LaTeX Font Info:    Overwriting math alphabet `\mathsf' in version `bold'
(Font)                  OT1/lmss/bx/n --> TU/lmss/bx/n on input line 110.
LaTeX Font Info:    Overwriting math alphabet `\mathtt' in version `normal'
(Font)                  OT1/lmtt/m/n --> TU/lmtt/m/n on input line 110.
LaTeX Font Info:    Overwriting math alphabet `\mathtt' in version `bold'
(Font)                  OT1/lmtt/m/n --> TU/lmtt/bx/n on input line 110.

Package fontspec Info: latinmodern-math scale = 0.9999964596882403.


Package fontspec Info: latinmodern-math scale = 0.9999964596882403.


Package fontspec Info: latinmodern-math scale = 0.9999964596882403.


Package fontspec Info: Font family 'latinmodern-math.otf(0)' created for font
(fontspec)             'latinmodern-math.otf' with options
(fontspec)             [Scale=MatchLowercase,BoldItalicFont={},ItalicFont={},SmallCapsFont={},Script=Math,BoldFont={latinmodern-math.otf}].
(fontspec)              
(fontspec)              This font family consists of the following NFSS
(fontspec)             series/shapes:
(fontspec)              
(fontspec)             - 'normal' (m/n) with NFSS spec.:
(fontspec)             <->s*[0.9999964596882403]"[latinmodern-math.otf]/OT:script=math;language=dflt;"
(fontspec)             - 'small caps'  (m/sc) with NFSS spec.: 
(fontspec)             - 'bold' (b/n) with NFSS spec.:
(fontspec)             <->s*[0.9999964596882403]"[latinmodern-math.otf]/OT:script=math;language=dflt;"
(fontspec)             - 'bold small caps'  (b/sc) with NFSS spec.: 

LaTeX Font Info:    Font shape `TU/latinmodern-math.otf(0)/m/n' will be
(Font)              scaled to size 10.0pt on input line 110.

Package fontspec Info: latinmodern-math scale = 0.9999964596882403.


Package fontspec Info: latinmodern-math scale = 0.9999964596882403.


Package fontspec Info: latinmodern-math scale = 0.9999964596882403.


Package fontspec Info: latinmodern-math scale = 0.9999964596882403.


Package fontspec Info: latinmodern-math scale = 0.9999964596882403.


Package fontspec Info: Font family 'latinmodern-math.otf(1)' created for font
(fontspec)             'latinmodern-math.otf' with options
(fontspec)             [Scale=MatchLowercase,BoldItalicFont={},ItalicFont={},SmallCapsFont={},Script=Math,SizeFeatures={{Size=8.5-},{Size=6-8.5,Font=latinmodern-math.otf,Style=MathScript},{Size=-6,Font=latinmodern-math.otf,Style=MathScriptScript}},BoldFont={latinmodern-math.otf}].
(fontspec)              
(fontspec)              This font family consists of the following NFSS
(fontspec)             series/shapes:
(fontspec)              
(fontspec)             - 'normal' (m/n) with NFSS spec.:
(fontspec)             <8.5->s*[0.9999964596882403]"[latinmodern-math.otf]/OT:script=math;language=dflt;"<6-8.5>s*[0.9999964596882403]"[latinmodern-math.otf]/OT:script=math;language=dflt;+ssty=0;"<-6>s*[0.9999964596882403]"[latinmodern-math.otf]/OT:script=math;language=dflt;+ssty=1;"
(fontspec)             - 'small caps'  (m/sc) with NFSS spec.: 
(fontspec)             - 'bold' (b/n) with NFSS spec.:
(fontspec)             <->s*[0.9999964596882403]"[latinmodern-math.otf]/OT:script=math;language=dflt;"
(fontspec)             - 'bold small caps'  (b/sc) with NFSS spec.: 

LaTeX Font Info:    Font shape `TU/latinmodern-math.otf(1)/m/n' will be
(Font)              scaled to size 10.0pt on input line 110.
LaTeX Font Info:    Encoding `OT1' has changed to `TU' for symbol font
(Font)              `operators' in the math version `normal' on input line 110.
LaTeX Font Info:    Overwriting symbol font `operators' in version `normal'
(Font)                  OT1/lmr/m/n --> TU/latinmodern-math.otf(1)/m/n on input line 110.
LaTeX Font Info:    Encoding `OT1' has changed to `TU' for symbol font
(Font)              `operators' in the math version `bold' on input line 110.
LaTeX Font Info:    Overwriting symbol font `operators' in version `bold'
(Font)                  OT1/lmr/bx/n --> TU/latinmodern-math.otf(1)/b/n on input line 110.

Package fontspec Info: latinmodern-math scale = 0.9999964596882403.


Package fontspec Info: latinmodern-math scale = 1.000096459334209.


Package fontspec Info: latinmodern-math scale = 0.9999964596882403.


Package fontspec Info: latinmodern-math scale = 1.000096459334209.


Package fontspec Info: latinmodern-math scale = 0.9999964596882403.


Package fontspec Info: latinmodern-math scale = 1.000096459334209.


Package fontspec Info: latinmodern-math scale = 0.9999964596882403.


Package fontspec Info: latinmodern-math scale = 1.000096459334209.


Package fontspec Info: latinmodern-math scale = 0.9999964596882403.


Package fontspec Info: latinmodern-math scale = 1.000096459334209.


Package fontspec Info: Font family 'latinmodern-math.otf(2)' created for font
(fontspec)             'latinmodern-math.otf' with options
(fontspec)             [Scale=MatchLowercase,BoldItalicFont={},ItalicFont={},SmallCapsFont={},Script=Math,SizeFeatures={{Size=8.5-},{Size=6-8.5,Font=latinmodern-math.otf,Style=MathScript},{Size=-6,Font=latinmodern-math.otf,Style=MathScriptScript}},BoldFont={latinmodern-math.otf},ScaleAgain=1.0001,FontAdjustment={\fontdimen
(fontspec)             8\font =6.77pt\relax \fontdimen 9\font =3.94pt\relax
(fontspec)             \fontdimen 10\font =4.44pt\relax \fontdimen 11\font
(fontspec)             =6.86pt\relax \fontdimen 12\font =3.45pt\relax
(fontspec)             \fontdimen 13\font =3.63pt\relax \fontdimen 14\font
(fontspec)             =3.63pt\relax \fontdimen 15\font =2.89pt\relax
(fontspec)             \fontdimen 16\font =2.47pt\relax \fontdimen 17\font
(fontspec)             =2.47pt\relax \fontdimen 18\font =2.5pt\relax
(fontspec)             \fontdimen 19\font =2.0pt\relax \fontdimen 22\font
(fontspec)             =2.5pt\relax \fontdimen 20\font =0pt\relax \fontdimen
(fontspec)             21\font =0pt\relax }].
(fontspec)              
(fontspec)              This font family consists of the following NFSS
(fontspec)             series/shapes:
(fontspec)              
(fontspec)             - 'normal' (m/n) with NFSS spec.:
(fontspec)             <8.5->s*[1.000096459334209]"[latinmodern-math.otf]/OT:script=math;language=dflt;"<6-8.5>s*[1.000096459334209]"[latinmodern-math.otf]/OT:script=math;language=dflt;+ssty=0;"<-6>s*[1.000096459334209]"[latinmodern-math.otf]/OT:script=math;language=dflt;+ssty=1;"
(fontspec)             - 'small caps'  (m/sc) with NFSS spec.: 
(fontspec)             and font adjustment code:
(fontspec)             \fontdimen 8\font =6.77pt\relax \fontdimen 9\font
(fontspec)             =3.94pt\relax \fontdimen 10\font =4.44pt\relax
(fontspec)             \fontdimen 11\font =6.86pt\relax \fontdimen 12\font
(fontspec)             =3.45pt\relax \fontdimen 13\font =3.63pt\relax
(fontspec)             \fontdimen 14\font =3.63pt\relax \fontdimen 15\font
(fontspec)             =2.89pt\relax \fontdimen 16\font =2.47pt\relax
(fontspec)             \fontdimen 17\font =2.47pt\relax \fontdimen 18\font
(fontspec)             =2.5pt\relax \fontdimen 19\font =2.0pt\relax \fontdimen
(fontspec)             22\font =2.5pt\relax \fontdimen 20\font =0pt\relax
(fontspec)             \fontdimen 21\font =0pt\relax 
(fontspec)             - 'bold' (b/n) with NFSS spec.:
(fontspec)             <->s*[1.000096459334209]"[latinmodern-math.otf]/OT:script=math;language=dflt;"
(fontspec)             - 'bold small caps'  (b/sc) with NFSS spec.: 
(fontspec)             and font adjustment code:
(fontspec)             \fontdimen 8\font =6.77pt\relax \fontdimen 9\font
(fontspec)             =3.94pt\relax \fontdimen 10\font =4.44pt\relax
(fontspec)             \fontdimen 11\font =6.86pt\relax \fontdimen 12\font
(fontspec)             =3.45pt\relax \fontdimen 13\font =3.63pt\relax
(fontspec)             \fontdimen 14\font =3.63pt\relax \fontdimen 15\font
(fontspec)             =2.89pt\relax \fontdimen 16\font =2.47pt\relax
(fontspec)             \fontdimen 17\font =2.47pt\relax \fontdimen 18\font
(fontspec)             =2.5pt\relax \fontdimen 19\font =2.0pt\relax \fontdimen
(fontspec)             22\font =2.5pt\relax \fontdimen 20\font =0pt\relax
(fontspec)             \fontdimen 21\font =0pt\relax 

LaTeX Font Info:    Encoding `OMS' has changed to `TU' for symbol font
(Font)              `symbols' in the math version `normal' on input line 110.
LaTeX Font Info:    Overwriting symbol font `symbols' in version `normal'
(Font)                  OMS/lmsy/m/n --> TU/latinmodern-math.otf(2)/m/n on input line 110.
LaTeX Font Info:    Encoding `OMS' has changed to `TU' for symbol font
(Font)              `symbols' in the math version `bold' on input line 110.
LaTeX Font Info:    Overwriting symbol font `symbols' in version `bold'
(Font)                  OMS/lmsy/b/n --> TU/latinmodern-math.otf(2)/b/n on input line 110.

Package fontspec Info: latinmodern-math scale = 0.9999964596882403.


Package fontspec Info: latinmodern-math scale = 0.9998964600422715.


Package fontspec Info: latinmodern-math scale = 0.9999964596882403.


Package fontspec Info: latinmodern-math scale = 0.9998964600422715.


Package fontspec Info: latinmodern-math scale = 0.9999964596882403.


Package fontspec Info: latinmodern-math scale = 0.9998964600422715.


Package fontspec Info: latinmodern-math scale = 0.9999964596882403.


Package fontspec Info: latinmodern-math scale = 0.9998964600422715.


Package fontspec Info: latinmodern-math scale = 0.9999964596882403.


Package fontspec Info: latinmodern-math scale = 0.9998964600422715.


Package fontspec Info: Font family 'latinmodern-math.otf(3)' created for font
(fontspec)             'latinmodern-math.otf' with options
(fontspec)             [Scale=MatchLowercase,BoldItalicFont={},ItalicFont={},SmallCapsFont={},Script=Math,SizeFeatures={{Size=8.5-},{Size=6-8.5,Font=latinmodern-math.otf,Style=MathScript},{Size=-6,Font=latinmodern-math.otf,Style=MathScriptScript}},BoldFont={latinmodern-math.otf},ScaleAgain=0.9999,FontAdjustment={\fontdimen
(fontspec)             8\font =0.4pt\relax \fontdimen 9\font =2.0pt\relax
(fontspec)             \fontdimen 10\font =1.67pt\relax \fontdimen 11\font
(fontspec)             =1.11pt\relax \fontdimen 12\font =6.0pt\relax
(fontspec)             \fontdimen 13\font =0pt\relax }].
(fontspec)              
(fontspec)              This font family consists of the following NFSS
(fontspec)             series/shapes:
(fontspec)              
(fontspec)             - 'normal' (m/n) with NFSS spec.:
(fontspec)             <8.5->s*[0.9998964600422715]"[latinmodern-math.otf]/OT:script=math;language=dflt;"<6-8.5>s*[0.9998964600422715]"[latinmodern-math.otf]/OT:script=math;language=dflt;+ssty=0;"<-6>s*[0.9998964600422715]"[latinmodern-math.otf]/OT:script=math;language=dflt;+ssty=1;"
(fontspec)             - 'small caps'  (m/sc) with NFSS spec.: 
(fontspec)             and font adjustment code:
(fontspec)             \fontdimen 8\font =0.4pt\relax \fontdimen 9\font
(fontspec)             =2.0pt\relax \fontdimen 10\font =1.67pt\relax
(fontspec)             \fontdimen 11\font =1.11pt\relax \fontdimen 12\font
(fontspec)             =6.0pt\relax \fontdimen 13\font =0pt\relax 
(fontspec)             - 'bold' (b/n) with NFSS spec.:
(fontspec)             <->s*[0.9998964600422715]"[latinmodern-math.otf]/OT:script=math;language=dflt;"
(fontspec)             - 'bold small caps'  (b/sc) with NFSS spec.: 
(fontspec)             and font adjustment code:
(fontspec)             \fontdimen 8\font =0.4pt\relax \fontdimen 9\font
(fontspec)             =2.0pt\relax \fontdimen 10\font =1.67pt\relax
(fontspec)             \fontdimen 11\font =1.11pt\relax \fontdimen 12\font
(fontspec)             =6.0pt\relax \fontdimen 13\font =0pt\relax 

LaTeX Font Info:    Encoding `OMX' has changed to `TU' for symbol font
(Font)              `largesymbols' in the math version `normal' on input line 110.
LaTeX Font Info:    Overwriting symbol font `largesymbols' in version `normal'
(Font)                  OMX/lmex/m/n --> TU/latinmodern-math.otf(3)/m/n on input line 110.
LaTeX Font Info:    Encoding `OMX' has changed to `TU' for symbol font
(Font)              `largesymbols' in the math version `bold' on input line 110.
LaTeX Font Info:    Overwriting symbol font `largesymbols' in version `bold'
(Font)                  OMX/lmex/m/n --> TU/latinmodern-math.otf(3)/b/n on input line 110.
Package hyperref Info: Link coloring OFF on input line 110.
(/Users/anniepaul/Library/TinyTeX/texmf-dist/tex/latex/hyperref/nameref.sty
Package: nameref 2021-04-02 v2.47 Cross-referencing by name of section
(/Users/anniepaul/Library/TinyTeX/texmf-dist/tex/latex/refcount/refcount.sty
Package: refcount 2019/12/15 v3.6 Data extraction from label references (HO)
) (/Users/anniepaul/Library/TinyTeX/texmf-dist/tex/generic/gettitlestring/gettitlestring.sty
Package: gettitlestring 2019/12/15 v1.6 Cleanup title references (HO)
)
\c@section@level=\count306
)
LaTeX Info: Redefining \ref on input line 110.
LaTeX Info: Redefining \pageref on input line 110.
LaTeX Info: Redefining \nameref on input line 110.
(./0_Caret_Predict_to_writeRasterOutput.out) (./0_Caret_Predict_to_writeRasterOutput.out)
\@outlinefile=\write4
\openout4 = `0_Caret_Predict_to_writeRasterOutput.out'.

*geometry* driver: auto-detecting
*geometry* detected driver: xetex
*geometry* verbose mode - [ preamble ] result:
* driver: xetex
* paper: <default>
* layout: <same size as paper>
* layoutoffset:(h,v)=(0.0pt,0.0pt)
* modes: 
* h-part:(L,W,R)=(72.26999pt, 469.75502pt, 72.26999pt)
* v-part:(T,H,B)=(72.26999pt, 650.43001pt, 72.26999pt)
* \paperwidth=614.295pt
* \paperheight=794.96999pt
* \textwidth=469.75502pt
* \textheight=650.43001pt
* \oddsidemargin=0.0pt
* \evensidemargin=0.0pt
* \topmargin=-37.0pt
* \headheight=12.0pt
* \headsep=25.0pt
* \topskip=10.0pt
* \footskip=30.0pt
* \marginparwidth=65.0pt
* \marginparsep=11.0pt
* \columnsep=10.0pt
* \skip\footins=9.0pt plus 4.0pt minus 2.0pt
* \hoffset=0.0pt
* \voffset=0.0pt
* \mag=1000
* \@twocolumnfalse
* \@twosidefalse
* \@mparswitchfalse
* \@reversemarginfalse
* (1in=72.27pt=25.4mm, 1cm=28.453pt)

LaTeX Font Info:    Font shape `TU/latinmodern-math.otf(1)/m/n' will be
(Font)              scaled to size 12.0pt on input line 112.
LaTeX Font Info:    Font shape `TU/latinmodern-math.otf(1)/m/n' will be
(Font)              scaled to size 8.0pt on input line 112.
LaTeX Font Info:    Font shape `TU/latinmodern-math.otf(1)/m/n' will be
(Font)              scaled to size 6.0pt on input line 112.
LaTeX Font Info:    Trying to load font information for OML+lmm on input line 112.
(/Users/anniepaul/Library/TinyTeX/texmf-dist/tex/latex/lm/omllmm.fd
File: omllmm.fd 2015/05/01 v1.6.1 Font defs for Latin Modern
)
LaTeX Font Info:    Font shape `TU/latinmodern-math.otf(2)/m/n' will be
(Font)              scaled to size 12.0011pt on input line 112.
LaTeX Font Info:    Font shape `TU/latinmodern-math.otf(2)/m/n' will be
(Font)              scaled to size 8.00073pt on input line 112.
LaTeX Font Info:    Font shape `TU/latinmodern-math.otf(2)/m/n' will be
(Font)              scaled to size 6.00055pt on input line 112.
LaTeX Font Info:    Font shape `TU/latinmodern-math.otf(3)/m/n' will be
(Font)              scaled to size 11.99872pt on input line 112.
LaTeX Font Info:    Font shape `TU/latinmodern-math.otf(3)/m/n' will be
(Font)              scaled to size 7.99915pt on input line 112.
LaTeX Font Info:    Font shape `TU/latinmodern-math.otf(3)/m/n' will be
(Font)              scaled to size 5.99936pt on input line 112.
LaTeX Font Info:    Trying to load font information for U+msa on input line 112.
(/Users/anniepaul/Library/TinyTeX/texmf-dist/tex/latex/amsfonts/umsa.fd
File: umsa.fd 2013/01/14 v3.01 AMS symbols A
)
LaTeX Font Info:    Trying to load font information for U+msb on input line 112.
(/Users/anniepaul/Library/TinyTeX/texmf-dist/tex/latex/amsfonts/umsb.fd
File: umsb.fd 2013/01/14 v3.01 AMS symbols B
) (./0_Caret_Predict_to_writeRasterOutput.toc
LaTeX Font Info:    Font shape `TU/latinmodern-math.otf(1)/m/n' will be
(Font)              scaled to size 7.0pt on input line 1.
LaTeX Font Info:    Font shape `TU/latinmodern-math.otf(1)/m/n' will be
(Font)              scaled to size 5.0pt on input line 1.
LaTeX Font Info:    Font shape `TU/latinmodern-math.otf(2)/m/n' will be
(Font)              scaled to size 10.00092pt on input line 1.
LaTeX Font Info:    Font shape `TU/latinmodern-math.otf(2)/m/n' will be
(Font)              scaled to size 7.00064pt on input line 1.
LaTeX Font Info:    Font shape `TU/latinmodern-math.otf(2)/m/n' will be
(Font)              scaled to size 5.00046pt on input line 1.
LaTeX Font Info:    Font shape `TU/latinmodern-math.otf(3)/m/n' will be
(Font)              scaled to size 9.99893pt on input line 1.
LaTeX Font Info:    Font shape `TU/latinmodern-math.otf(3)/m/n' will be
(Font)              scaled to size 6.99925pt on input line 1.
LaTeX Font Info:    Font shape `TU/latinmodern-math.otf(3)/m/n' will be
(Font)              scaled to size 4.99947pt on input line 1.
Missing character: There is no 𝝐 (U+1D750) in font [lmroman10-italic]:mapping=tex-text;!
)
\tf@toc=\write5
\openout5 = `0_Caret_Predict_to_writeRasterOutput.toc'.

[1

] [2]
File: 0_Caret_Predict_to_writeRasterOutput_files/figure-latex/unnamed-chunk-2-1.pdf Graphic file (type pdf)
<use 0_Caret_Predict_to_writeRasterOutput_files/figure-latex/unnamed-chunk-2-1.pdf>
[3] [4]
File: 0_Caret_Predict_to_writeRasterOutput_files/figure-latex/unnamed-chunk-3-1.pdf Graphic file (type pdf)
<use 0_Caret_Predict_to_writeRasterOutput_files/figure-latex/unnamed-chunk-3-1.pdf>
File: 0_Caret_Predict_to_writeRasterOutput_files/figure-latex/unnamed-chunk-3-2.pdf Graphic file (type pdf)
<use 0_Caret_Predict_to_writeRasterOutput_files/figure-latex/unnamed-chunk-3-2.pdf>
File: 0_Caret_Predict_to_writeRasterOutput_files/figure-latex/unnamed-chunk-3-3.pdf Graphic file (type pdf)
<use 0_Caret_Predict_to_writeRasterOutput_files/figure-latex/unnamed-chunk-3-3.pdf>
[5]
File: 0_Caret_Predict_to_writeRasterOutput_files/figure-latex/unnamed-chunk-4-1.pdf Graphic file (type pdf)
<use 0_Caret_Predict_to_writeRasterOutput_files/figure-latex/unnamed-chunk-4-1.pdf>
File: 0_Caret_Predict_to_writeRasterOutput_files/figure-latex/unnamed-chunk-4-2.pdf Graphic file (type pdf)
<use 0_Caret_Predict_to_writeRasterOutput_files/figure-latex/unnamed-chunk-4-2.pdf>

Overfull \hbox (2.21883pt too wide) in paragraph at lines 387--389
[][] [] 
 []

[6]
File: 0_Caret_Predict_to_writeRasterOutput_files/figure-latex/unnamed-chunk-5-1.pdf Graphic file (type pdf)
<use 0_Caret_Predict_to_writeRasterOutput_files/figure-latex/unnamed-chunk-5-1.pdf>
File: 0_Caret_Predict_to_writeRasterOutput_files/figure-latex/unnamed-chunk-5-2.pdf Graphic file (type pdf)
<use 0_Caret_Predict_to_writeRasterOutput_files/figure-latex/unnamed-chunk-5-2.pdf>
File: 0_Caret_Predict_to_writeRasterOutput_files/figure-latex/unnamed-chunk-5-3.pdf Graphic file (type pdf)
<use 0_Caret_Predict_to_writeRasterOutput_files/figure-latex/unnamed-chunk-5-3.pdf>
[7] [8] [9]
File: 0_Caret_Predict_to_writeRasterOutput_files/figure-latex/unnamed-chunk-9-1.pdf Graphic file (type pdf)
<use 0_Caret_Predict_to_writeRasterOutput_files/figure-latex/unnamed-chunk-9-1.pdf>
File: 0_Caret_Predict_to_writeRasterOutput_files/figure-latex/unnamed-chunk-9-2.pdf Graphic file (type pdf)
<use 0_Caret_Predict_to_writeRasterOutput_files/figure-latex/unnamed-chunk-9-2.pdf>
File: 0_Caret_Predict_to_writeRasterOutput_files/figure-latex/unnamed-chunk-9-3.pdf Graphic file (type pdf)
<use 0_Caret_Predict_to_writeRasterOutput_files/figure-latex/unnamed-chunk-9-3.pdf>
File: 0_Caret_Predict_to_writeRasterOutput_files/figure-latex/unnamed-chunk-9-4.pdf Graphic file (type pdf)
<use 0_Caret_Predict_to_writeRasterOutput_files/figure-latex/unnamed-chunk-9-4.pdf>
File: 0_Caret_Predict_to_writeRasterOutput_files/figure-latex/unnamed-chunk-9-5.pdf Graphic file (type pdf)
<use 0_Caret_Predict_to_writeRasterOutput_files/figure-latex/unnamed-chunk-9-5.pdf>
File: 0_Caret_Predict_to_writeRasterOutput_files/figure-latex/unnamed-chunk-9-6.pdf Graphic file (type pdf)
<use 0_Caret_Predict_to_writeRasterOutput_files/figure-latex/unnamed-chunk-9-6.pdf>
File: 0_Caret_Predict_to_writeRasterOutput_files/figure-latex/unnamed-chunk-9-7.pdf Graphic file (type pdf)
<use 0_Caret_Predict_to_writeRasterOutput_files/figure-latex/unnamed-chunk-9-7.pdf>

Overfull \hbox (2.21883pt too wide) in paragraph at lines 621--628
[][] []
 []


Overfull \hbox (2.21883pt too wide) in paragraph at lines 621--628
[] []
 []


Overfull \hbox (2.21883pt too wide) in paragraph at lines 621--628
[] []
 []

[10] [11] [12]
File: 0_Caret_Predict_to_writeRasterOutput_files/figure-latex/unnamed-chunk-11-1.pdf Graphic file (type pdf)
<use 0_Caret_Predict_to_writeRasterOutput_files/figure-latex/unnamed-chunk-11-1.pdf>
File: 0_Caret_Predict_to_writeRasterOutput_files/figure-latex/unnamed-chunk-11-2.pdf Graphic file (type pdf)
<use 0_Caret_Predict_to_writeRasterOutput_files/figure-latex/unnamed-chunk-11-2.pdf>
File: 0_Caret_Predict_to_writeRasterOutput_files/figure-latex/unnamed-chunk-11-3.pdf Graphic file (type pdf)
<use 0_Caret_Predict_to_writeRasterOutput_files/figure-latex/unnamed-chunk-11-3.pdf>
File: 0_Caret_Predict_to_writeRasterOutput_files/figure-latex/unnamed-chunk-11-4.pdf Graphic file (type pdf)
<use 0_Caret_Predict_to_writeRasterOutput_files/figure-latex/unnamed-chunk-11-4.pdf>
File: 0_Caret_Predict_to_writeRasterOutput_files/figure-latex/unnamed-chunk-11-5.pdf Graphic file (type pdf)
<use 0_Caret_Predict_to_writeRasterOutput_files/figure-latex/unnamed-chunk-11-5.pdf>
File: 0_Caret_Predict_to_writeRasterOutput_files/figure-latex/unnamed-chunk-11-6.pdf Graphic file (type pdf)
<use 0_Caret_Predict_to_writeRasterOutput_files/figure-latex/unnamed-chunk-11-6.pdf>
File: 0_Caret_Predict_to_writeRasterOutput_files/figure-latex/unnamed-chunk-11-7.pdf Graphic file (type pdf)
<use 0_Caret_Predict_to_writeRasterOutput_files/figure-latex/unnamed-chunk-11-7.pdf>
File: 0_Caret_Predict_to_writeRasterOutput_files/figure-latex/unnamed-chunk-11-8.pdf Graphic file (type pdf)
<use 0_Caret_Predict_to_writeRasterOutput_files/figure-latex/unnamed-chunk-11-8.pdf>
File: 0_Caret_Predict_to_writeRasterOutput_files/figure-latex/unnamed-chunk-11-9.pdf Graphic file (type pdf)
<use 0_Caret_Predict_to_writeRasterOutput_files/figure-latex/unnamed-chunk-11-9.pdf>
File: 0_Caret_Predict_to_writeRasterOutput_files/figure-latex/unnamed-chunk-11-10.pdf Graphic file (type pdf)
<use 0_Caret_Predict_to_writeRasterOutput_files/figure-latex/unnamed-chunk-11-10.pdf>
File: 0_Caret_Predict_to_writeRasterOutput_files/figure-latex/unnamed-chunk-11-11.pdf Graphic file (type pdf)
<use 0_Caret_Predict_to_writeRasterOutput_files/figure-latex/unnamed-chunk-11-11.pdf>
File: 0_Caret_Predict_to_writeRasterOutput_files/figure-latex/unnamed-chunk-11-12.pdf Graphic file (type pdf)
<use 0_Caret_Predict_to_writeRasterOutput_files/figure-latex/unnamed-chunk-11-12.pdf>
File: 0_Caret_Predict_to_writeRasterOutput_files/figure-latex/unnamed-chunk-11-13.pdf Graphic file (type pdf)
<use 0_Caret_Predict_to_writeRasterOutput_files/figure-latex/unnamed-chunk-11-13.pdf>
File: 0_Caret_Predict_to_writeRasterOutput_files/figure-latex/unnamed-chunk-11-14.pdf Graphic file (type pdf)
<use 0_Caret_Predict_to_writeRasterOutput_files/figure-latex/unnamed-chunk-11-14.pdf>
File: 0_Caret_Predict_to_writeRasterOutput_files/figure-latex/unnamed-chunk-11-15.pdf Graphic file (type pdf)
<use 0_Caret_Predict_to_writeRasterOutput_files/figure-latex/unnamed-chunk-11-15.pdf>

Overfull \hbox (6.65883pt too wide) in paragraph at lines 747--762
[][] [] [] []
 []


Overfull \hbox (6.65883pt too wide) in paragraph at lines 747--762
[] [] [] []
 []


Overfull \hbox (6.65883pt too wide) in paragraph at lines 747--762
[] [] [] []
 []

Missing character: There is no ρ (U+03C1) in font [lmmono10-regular]:!
Missing character: There is no ρ (U+03C1) in font [lmmono10-regular]:!
Missing character: There is no ρ (U+03C1) in font [lmmono10-regular]:!
Missing character: There is no ρ (U+03C1) in font [lmmono10-regular]:!
Missing character: There is no ρ (U+03C1) in font [lmmono10-regular]:!
Missing character: There is no ρ (U+03C1) in font [lmmono10-regular]:!
Missing character: There is no ρ (U+03C1) in font [lmmono10-regular]:!
[13]
Underfull \vbox (badness 10000) detected at line 859
 []


Underfull \vbox (badness 10000) detected at line 859
 []

[14]
File: 0_Caret_Predict_to_writeRasterOutput_files/figure-latex/unnamed-chunk-12-1.pdf Graphic file (type pdf)
<use 0_Caret_Predict_to_writeRasterOutput_files/figure-latex/unnamed-chunk-12-1.pdf>
File: 0_Caret_Predict_to_writeRasterOutput_files/figure-latex/unnamed-chunk-12-2.pdf Graphic file (type pdf)
<use 0_Caret_Predict_to_writeRasterOutput_files/figure-latex/unnamed-chunk-12-2.pdf>
File: 0_Caret_Predict_to_writeRasterOutput_files/figure-latex/unnamed-chunk-12-3.pdf Graphic file (type pdf)
<use 0_Caret_Predict_to_writeRasterOutput_files/figure-latex/unnamed-chunk-12-3.pdf>
File: 0_Caret_Predict_to_writeRasterOutput_files/figure-latex/unnamed-chunk-12-4.pdf Graphic file (type pdf)
<use 0_Caret_Predict_to_writeRasterOutput_files/figure-latex/unnamed-chunk-12-4.pdf>
File: 0_Caret_Predict_to_writeRasterOutput_files/figure-latex/unnamed-chunk-12-5.pdf Graphic file (type pdf)
<use 0_Caret_Predict_to_writeRasterOutput_files/figure-latex/unnamed-chunk-12-5.pdf>
File: 0_Caret_Predict_to_writeRasterOutput_files/figure-latex/unnamed-chunk-12-6.pdf Graphic file (type pdf)
<use 0_Caret_Predict_to_writeRasterOutput_files/figure-latex/unnamed-chunk-12-6.pdf>
File: 0_Caret_Predict_to_writeRasterOutput_files/figure-latex/unnamed-chunk-12-7.pdf Graphic file (type pdf)
<use 0_Caret_Predict_to_writeRasterOutput_files/figure-latex/unnamed-chunk-12-7.pdf>
File: 0_Caret_Predict_to_writeRasterOutput_files/figure-latex/unnamed-chunk-12-8.pdf Graphic file (type pdf)
<use 0_Caret_Predict_to_writeRasterOutput_files/figure-latex/unnamed-chunk-12-8.pdf>
File: 0_Caret_Predict_to_writeRasterOutput_files/figure-latex/unnamed-chunk-12-9.pdf Graphic file (type pdf)
<use 0_Caret_Predict_to_writeRasterOutput_files/figure-latex/unnamed-chunk-12-9.pdf>
File: 0_Caret_Predict_to_writeRasterOutput_files/figure-latex/unnamed-chunk-12-10.pdf Graphic file (type pdf)
<use 0_Caret_Predict_to_writeRasterOutput_files/figure-latex/unnamed-chunk-12-10.pdf>
File: 0_Caret_Predict_to_writeRasterOutput_files/figure-latex/unnamed-chunk-12-11.pdf Graphic file (type pdf)
<use 0_Caret_Predict_to_writeRasterOutput_files/figure-latex/unnamed-chunk-12-11.pdf>
File: 0_Caret_Predict_to_writeRasterOutput_files/figure-latex/unnamed-chunk-12-12.pdf Graphic file (type pdf)
<use 0_Caret_Predict_to_writeRasterOutput_files/figure-latex/unnamed-chunk-12-12.pdf>
File: 0_Caret_Predict_to_writeRasterOutput_files/figure-latex/unnamed-chunk-12-13.pdf Graphic file (type pdf)
<use 0_Caret_Predict_to_writeRasterOutput_files/figure-latex/unnamed-chunk-12-13.pdf>
File: 0_Caret_Predict_to_writeRasterOutput_files/figure-latex/unnamed-chunk-12-14.pdf Graphic file (type pdf)
<use 0_Caret_Predict_to_writeRasterOutput_files/figure-latex/unnamed-chunk-12-14.pdf>
File: 0_Caret_Predict_to_writeRasterOutput_files/figure-latex/unnamed-chunk-12-15.pdf Graphic file (type pdf)
<use 0_Caret_Predict_to_writeRasterOutput_files/figure-latex/unnamed-chunk-12-15.pdf>
File: 0_Caret_Predict_to_writeRasterOutput_files/figure-latex/unnamed-chunk-12-16.pdf Graphic file (type pdf)
<use 0_Caret_Predict_to_writeRasterOutput_files/figure-latex/unnamed-chunk-12-16.pdf>
File: 0_Caret_Predict_to_writeRasterOutput_files/figure-latex/unnamed-chunk-12-17.pdf Graphic file (type pdf)
<use 0_Caret_Predict_to_writeRasterOutput_files/figure-latex/unnamed-chunk-12-17.pdf>
File: 0_Caret_Predict_to_writeRasterOutput_files/figure-latex/unnamed-chunk-12-18.pdf Graphic file (type pdf)
<use 0_Caret_Predict_to_writeRasterOutput_files/figure-latex/unnamed-chunk-12-18.pdf>
File: 0_Caret_Predict_to_writeRasterOutput_files/figure-latex/unnamed-chunk-12-19.pdf Graphic file (type pdf)
<use 0_Caret_Predict_to_writeRasterOutput_files/figure-latex/unnamed-chunk-12-19.pdf>
File: 0_Caret_Predict_to_writeRasterOutput_files/figure-latex/unnamed-chunk-12-20.pdf Graphic file (type pdf)
<use 0_Caret_Predict_to_writeRasterOutput_files/figure-latex/unnamed-chunk-12-20.pdf>
File: 0_Caret_Predict_to_writeRasterOutput_files/figure-latex/unnamed-chunk-12-21.pdf Graphic file (type pdf)
<use 0_Caret_Predict_to_writeRasterOutput_files/figure-latex/unnamed-chunk-12-21.pdf>
File: 0_Caret_Predict_to_writeRasterOutput_files/figure-latex/unnamed-chunk-12-22.pdf Graphic file (type pdf)
<use 0_Caret_Predict_to_writeRasterOutput_files/figure-latex/unnamed-chunk-12-22.pdf>
File: 0_Caret_Predict_to_writeRasterOutput_files/figure-latex/unnamed-chunk-12-23.pdf Graphic file (type pdf)
<use 0_Caret_Predict_to_writeRasterOutput_files/figure-latex/unnamed-chunk-12-23.pdf>
File: 0_Caret_Predict_to_writeRasterOutput_files/figure-latex/unnamed-chunk-12-24.pdf Graphic file (type pdf)
<use 0_Caret_Predict_to_writeRasterOutput_files/figure-latex/unnamed-chunk-12-24.pdf>
File: 0_Caret_Predict_to_writeRasterOutput_files/figure-latex/unnamed-chunk-12-25.pdf Graphic file (type pdf)
<use 0_Caret_Predict_to_writeRasterOutput_files/figure-latex/unnamed-chunk-12-25.pdf>
File: 0_Caret_Predict_to_writeRasterOutput_files/figure-latex/unnamed-chunk-12-26.pdf Graphic file (type pdf)
<use 0_Caret_Predict_to_writeRasterOutput_files/figure-latex/unnamed-chunk-12-26.pdf>
File: 0_Caret_Predict_to_writeRasterOutput_files/figure-latex/unnamed-chunk-12-27.pdf Graphic file (type pdf)
<use 0_Caret_Predict_to_writeRasterOutput_files/figure-latex/unnamed-chunk-12-27.pdf>
File: 0_Caret_Predict_to_writeRasterOutput_files/figure-latex/unnamed-chunk-12-28.pdf Graphic file (type pdf)
<use 0_Caret_Predict_to_writeRasterOutput_files/figure-latex/unnamed-chunk-12-28.pdf>

Overfull \hbox (6.65883pt too wide) in paragraph at lines 861--889
[][] [] [] []
 []


Overfull \hbox (6.65883pt too wide) in paragraph at lines 861--889
[] [] [] []
 []


Overfull \hbox (6.65883pt too wide) in paragraph at lines 861--889
[] [] [] []
 []


Overfull \hbox (6.65883pt too wide) in paragraph at lines 861--889
[] [] [] []
 []


Overfull \hbox (6.65883pt too wide) in paragraph at lines 861--889
[] [] [] []
 []


Overfull \hbox (6.65883pt too wide) in paragraph at lines 861--889
[] [] [] []
 []


Overfull \hbox (6.65883pt too wide) in paragraph at lines 861--889
[] [] [] [] 
 []

[15]
File: Data/models_table_calibri_feb10.png Graphic file (type bmp)
<Data/models_table_calibri_feb10.png>
Missing character: There is no 𝜺 (U+1D73A) in font [lmroman10-regular]:mapping=tex-text;!
Missing character: There is no 𝜸 (U+1D738) in font [lmroman10-regular]:mapping=tex-text;!
Missing character: There is no 𝞪 (U+1D7AA) in font [lmroman10-regular]:mapping=tex-text;!
Missing character: There is no ƛ (U+019B) in font [lmroman10-regular]:mapping=tex-text;!
Missing character: There is no 𝜺 (U+1D73A) in font [lmroman10-regular]:mapping=tex-text;!
Missing character: There is no 𝜸 (U+1D738) in font [lmroman10-regular]:mapping=tex-text;!
Missing character: There is no 𝞪 (U+1D7AA) in font [lmroman10-regular]:mapping=tex-text;!
Missing character: There is no ƛ (U+019B) in font [lmroman10-regular]:mapping=tex-text;!
[16]
Missing character: There is no 𝝐 (U+1D750) in font [lmroman10-bolditalic]:mapping=tex-text;!
[17] [18] [19] [20]
File: 0_Caret_Predict_to_writeRasterOutput_files/figure-latex/unnamed-chunk-21-1.pdf Graphic file (type pdf)
<use 0_Caret_Predict_to_writeRasterOutput_files/figure-latex/unnamed-chunk-21-1.pdf>
File: 0_Caret_Predict_to_writeRasterOutput_files/figure-latex/unnamed-chunk-21-2.pdf Graphic file (type pdf)
<use 0_Caret_Predict_to_writeRasterOutput_files/figure-latex/unnamed-chunk-21-2.pdf>
File: 0_Caret_Predict_to_writeRasterOutput_files/figure-latex/unnamed-chunk-21-3.pdf Graphic file (type pdf)
<use 0_Caret_Predict_to_writeRasterOutput_files/figure-latex/unnamed-chunk-21-3.pdf>
File: 0_Caret_Predict_to_writeRasterOutput_files/figure-latex/unnamed-chunk-21-4.pdf Graphic file (type pdf)
<use 0_Caret_Predict_to_writeRasterOutput_files/figure-latex/unnamed-chunk-21-4.pdf>

Overfull \hbox (2.21883pt too wide) in paragraph at lines 1214--1218
[][] []
 []


Overfull \hbox (2.21883pt too wide) in paragraph at lines 1214--1218
[] [] 
 []

[21] [22] (./0_Caret_Predict_to_writeRasterOutput.aux)

LaTeX Warning: Label(s) may have changed. Rerun to get cross-references right.

Package rerunfilecheck Info: File `0_Caret_Predict_to_writeRasterOutput.out' has not changed.
(rerunfilecheck)             Checksum: 2B1746D762FAF8055DFA16292F856241;3436.
 ) 
Here is how much of TeX's memory you used:
 17467 strings out of 478181
 361221 string characters out of 5853437
 771845 words of memory out of 5000000
 37804 multiletter control sequences out of 15000+600000
 475694 words of font info for 79 fonts, out of 8000000 for 9000
 14 hyphenation exceptions out of 8191
 86i,6n,121p,589b,368s stack positions out of 5000i,500n,10000p,200000b,80000s

Output written on 0_Caret_Predict_to_writeRasterOutput.pdf (22 pages).
